<?xml version="1.0" encoding="UTF-8" ?>
<testsuite tests="1" failures="0" name="org.crawler.AppTest" time="0.004" errors="0" skipped="0">
  <properties>
    <property name="java.runtime.name" value="Java(TM) SE Runtime Environment"/>
    <property name="sun.boot.library.path" value="D:\software\jdk1.8\jre\bin"/>
    <property name="java.vm.version" value="25.121-b13"/>
    <property name="java.vm.vendor" value="Oracle Corporation"/>
    <property name="maven.multiModuleProjectDirectory" value="D:\software\spring-tool-suite-3.8.3.RELEASE-e4.6.2-win32-x86_64\workspace\search-engine"/>
    <property name="java.vendor.url" value="http://java.oracle.com/"/>
    <property name="path.separator" value=";"/>
    <property name="guice.disable.misplaced.annotation.check" value="true"/>
    <property name="java.vm.name" value="Java HotSpot(TM) 64-Bit Server VM"/>
    <property name="file.encoding.pkg" value="sun.io"/>
    <property name="user.script" value=""/>
    <property name="user.country" value="CN"/>
    <property name="sun.java.launcher" value="SUN_STANDARD"/>
    <property name="sun.os.patch.level" value=""/>
    <property name="java.vm.specification.name" value="Java Virtual Machine Specification"/>
    <property name="user.dir" value="D:\software\spring-tool-suite-3.8.3.RELEASE-e4.6.2-win32-x86_64\workspace\search-engine"/>
    <property name="java.runtime.version" value="1.8.0_121-b13"/>
    <property name="java.awt.graphicsenv" value="sun.awt.Win32GraphicsEnvironment"/>
    <property name="java.endorsed.dirs" value="D:\software\jdk1.8\jre\lib\endorsed"/>
    <property name="os.arch" value="amd64"/>
    <property name="java.io.tmpdir" value="C:\Users\fujian\AppData\Local\Temp\"/>
    <property name="line.separator" value="
"/>
    <property name="java.vm.specification.vendor" value="Oracle Corporation"/>
    <property name="user.variant" value=""/>
    <property name="os.name" value="Windows 10"/>
    <property name="classworlds.conf" value="D:\software\spring-tool-suite-3.8.3.RELEASE-e4.6.2-win32-x86_64\workspace\.metadata\.plugins\org.eclipse.m2e.launching\launches\m2conf3414226184740608904.tmp"/>
    <property name="sun.jnu.encoding" value="GBK"/>
    <property name="java.library.path" value="D:\software\jdk1.8\bin;C:\WINDOWS\Sun\Java\bin;C:\WINDOWS\system32;C:\WINDOWS;D:\perl\site\bin;D:\perl\bin;C:\Program Files\NVIDIA GPU Computing Toolkit\CUDA\v9.0\bin;C:\Program Files\NVIDIA GPU Computing Toolkit\CUDA\v9.0\libnvvp;D:\software\jdk1.7\jdk1.7.0_80\jre;D:\software\jdk1.7\jdk1.7.0_80\bin;C:\Program Files (x86)\Intel\iCLS Client\;C:\Program Files\Intel\iCLS Client\;C:\Windows\system32;C:\Windows;C:\Windows\System32\Wbem;C:\Windows\System32\WindowsPowerShell\v1.0\;C:\Program Files (x86)\Intel\Intel(R) Management Engine Components\DAL;C:\Program Files\Intel\Intel(R) Management Engine Components\DAL;C:\Program Files (x86)\Intel\Intel(R) Management Engine Components\IPT;C:\Program Files\Intel\Intel(R) Management Engine Components\IPT;D:\software\springboot\spring-2.0.0.BUILD-SNAPSHOT\bin;D:\software\apache-maven-3.3.9\bin;d:\Program Files\Cloud Foundry;D:\Program Files\Git\cmd;D:\software\eclipse\eclipse;D:\software\tomcat\apache-tomcat-7.0.75\bin;C:\Users\fujian\AppData\Roaming\npm;D:\software\node\nodejs;D:\software\node\nodejs\node_modules\npm;D:\software\apache-ant-1.9.9\bin;C:\WINDOWS\system32;C:\WINDOWS;C:\WINDOWS\System32\Wbem;C:\WINDOWS\System32\WindowsPowerShell\v1.0\;D:\software\play-1.2.7;C:\Program Files\NVIDIA GPU Computing Toolkit\CUDA\v9.0\lib\x64;D:\software\cudnn-9.0-windows10-x64-v7.1\cuda\bin;D:\Program Files\python;D:\Program Files\python\Scripts;D:\software\Redis-x64-3.2.100;C:\WINDOWS\system32;C:\WINDOWS;C:\WINDOWS\System32\Wbem;C:\WINDOWS\System32\WindowsPowerShell\v1.0\;C:\WINDOWS\System32\OpenSSH\;C:\Users\fujian\AppData\Local\Microsoft\WindowsApps;C:\Users\fujian\AppData\Local\atom\bin;C:\Users\fujian\AppData\Local\Microsoft\WindowsApps;;."/>
    <property name="java.specification.name" value="Java Platform API Specification"/>
    <property name="java.class.version" value="52.0"/>
    <property name="sun.management.compiler" value="HotSpot 64-Bit Tiered Compilers"/>
    <property name="os.version" value="10.0"/>
    <property name="user.home" value="C:\Users\fujian"/>
    <property name="user.timezone" value="Asia/Shanghai"/>
    <property name="java.awt.printerjob" value="sun.awt.windows.WPrinterJob"/>
    <property name="java.specification.version" value="1.8"/>
    <property name="file.encoding" value="GBK"/>
    <property name="user.name" value="fujian"/>
    <property name="java.class.path" value="/D:/software/spring-tool-suite-3.8.3.RELEASE-e4.6.2-win32-x86_64/sts-bundle/sts-3.8.3.RELEASE/plugins/org.eclipse.m2e.maven.runtime_1.7.0.20160603-1931/jars/plexus-classworlds-2.5.2.jar"/>
    <property name="java.vm.specification.version" value="1.8"/>
    <property name="sun.arch.data.model" value="64"/>
    <property name="java.home" value="D:\software\jdk1.8\jre"/>
    <property name="sun.java.command" value="org.codehaus.plexus.classworlds.launcher.Launcher -B -s D:\software\apache-maven-3.3.9\conf\settings.xml clean package"/>
    <property name="java.specification.vendor" value="Oracle Corporation"/>
    <property name="user.language" value="zh"/>
    <property name="awt.toolkit" value="sun.awt.windows.WToolkit"/>
    <property name="java.vm.info" value="mixed mode"/>
    <property name="java.version" value="1.8.0_121"/>
    <property name="java.ext.dirs" value="D:\software\jdk1.8\jre\lib\ext;C:\WINDOWS\Sun\Java\lib\ext"/>
    <property name="sun.boot.class.path" value="D:\software\jdk1.8\jre\lib\resources.jar;D:\software\jdk1.8\jre\lib\rt.jar;D:\software\jdk1.8\jre\lib\sunrsasign.jar;D:\software\jdk1.8\jre\lib\jsse.jar;D:\software\jdk1.8\jre\lib\jce.jar;D:\software\jdk1.8\jre\lib\charsets.jar;D:\software\jdk1.8\jre\lib\jfr.jar;D:\software\jdk1.8\jre\classes"/>
    <property name="java.vendor" value="Oracle Corporation"/>
    <property name="maven.home" value="D:\software\spring-tool-suite-3.8.3.RELEASE-e4.6.2-win32-x86_64\workspace\search-engine\EMBEDDED"/>
    <property name="file.separator" value="\"/>
    <property name="java.vendor.url.bug" value="http://bugreport.sun.com/bugreport/"/>
    <property name="sun.cpu.endian" value="little"/>
    <property name="sun.io.unicode.encoding" value="UnicodeLittle"/>
    <property name="sun.desktop" value="windows"/>
    <property name="sun.cpu.isalist" value="amd64"/>
  </properties>
  <testcase classname="org.crawler.AppTest" name="testApp" time="0.004"/>
</testsuite>